Open5GS daemon v2.4.11-20-g7a14f2c

11/01 20:15:23.467: [app] INFO: Configuration: '../VM5GC/config_2smf2upf/nrf.yaml' (../lib/app/ogs-init.c:126)
11/01 20:15:23.467: [app] INFO: File Logging: '/root/VM5GC/nrf_2022-11-01.log' (../lib/app/ogs-init.c:129)
11/01 20:15:23.468: [app] INFO: LOG-LEVEL: 'debug' (../lib/app/ogs-init.c:132)
11/01 20:15:23.471: [sock] DEBUG: addr:127.0.0.10, port:7777 (../lib/core/ogs-sockaddr.c:140)
11/01 20:15:23.471: [sock] DEBUG: addr:::1, port:7777 (../lib/core/ogs-sockaddr.c:140)
11/01 20:15:23.471: [sock] DEBUG: socket create(2:1:6) (../lib/core/ogs-socket.c:92)
11/01 20:15:23.471: [sock] DEBUG: Turn on TCP_NODELAY (../lib/core/ogs-sockopt.c:139)
11/01 20:15:23.471: [sock] DEBUG: Turn on SO_REUSEADDR (../lib/core/ogs-sockopt.c:120)
11/01 20:15:23.472: [sock] DEBUG: socket bind 127.0.0.10:7777 (../lib/core/ogs-socket.c:117)
11/01 20:15:23.472: [sock] DEBUG: tcp_server() [127.0.0.10]:7777 (../lib/core/ogs-tcp.c:60)
11/01 20:15:23.472: [sbi] INFO: nghttp2_server() [127.0.0.10]:7777 (../lib/sbi/nghttp2-server.c:150)
11/01 20:15:23.473: [sock] DEBUG: socket create(10:1:6) (../lib/core/ogs-socket.c:92)
11/01 20:15:23.473: [sock] DEBUG: Turn on TCP_NODELAY (../lib/core/ogs-sockopt.c:139)
11/01 20:15:23.473: [sock] DEBUG: Turn on SO_REUSEADDR (../lib/core/ogs-sockopt.c:120)
11/01 20:15:23.473: [sock] DEBUG: socket bind ::1:7777 (../lib/core/ogs-socket.c:117)
11/01 20:15:23.473: [sock] DEBUG: tcp_server() [::1]:7777 (../lib/core/ogs-tcp.c:60)
11/01 20:15:23.474: [sbi] INFO: nghttp2_server() [::1]:7777 (../lib/sbi/nghttp2-server.c:150)
11/01 20:15:23.474: [thread] DEBUG: [0x55f60d8eacd0] thread started (../lib/core/ogs-thread.c:101)
11/01 20:15:23.474: [app] INFO: NRF initialize...done (../src/nrf/app.c:31)
11/01 20:15:23.474: [thread] DEBUG: [0x55f60d8eacd0] worker signal (../lib/core/ogs-thread.c:66)
11/01 20:15:23.475: [nrf] DEBUG: nrf_state_initial(): INIT (../src/nrf/nrf-sm.c:25)
11/01 20:15:23.475: [nrf] DEBUG: nrf_state_operational(): ENTRY (../src/nrf/nrf-sm.c:50)
11/01 20:15:29.552: [app] INFO: SIGINT received (../src/main.c:53)
11/01 20:15:29.552: [app] INFO: Open5GS daemon terminating... (../src/main.c:226)
11/01 20:15:29.552: [event] DEBUG: interrupt all (../lib/core/ogs-queue.c:277)
11/01 20:15:29.552: [thread] DEBUG: [0x55f60d8eacd0] thread running(1) (../lib/core/ogs-thread.c:111)
11/01 20:15:29.552: [nrf] DEBUG: nrf_state_operational(): EXIT (../src/nrf/nrf-sm.c:50)
11/01 20:15:29.552: [nrf] DEBUG: nrf_state_final(): INIT (../src/nrf/nrf-sm.c:34)
11/01 20:15:29.552: [thread] DEBUG: [0x55f60d8eacd0] worker done (../lib/core/ogs-thread.c:72)
11/01 20:15:29.553: [thread] DEBUG: [0x55f60d8eacd0] thread destroy (../lib/core/ogs-thread.c:123)
11/01 20:15:29.553: [thread] DEBUG: [0x55f60d8eacd0] thread join (../lib/core/ogs-thread.c:132)
11/01 20:15:29.553: [thread] DEBUG: [0x55f60d8eacd0] thread done (../lib/core/ogs-thread.c:138)
11/01 20:15:29.554: [sbi] DEBUG: ogs_sbi_nf_instance_remove() (../lib/sbi/context.c:875)
11/01 20:15:29.554: [app] INFO: NRF terminate...done (../src/nrf/app.c:39)
